<?xml version="1.0" encoding="UTF-8"?>
<!-- Generated by org.testng.reporters.JUnitReportReporter -->
<testsuite hostname="BOOK-IOMPLGED8H" failures="0" tests="1" name="test.com.WebAutomationTest" time="0.004" errors="0" timestamp="30 Sep 2023 01:55:45 GMT">
  <testcase classname="test.com.WebAutomationTest" name="testFullPrice" time="0.004"/>
</testsuite> <!-- test.com.WebAutomationTest -->
